\BOOKMARK [0][-]{chapter.1}{\376\377\000I\000n\000t\000r\000o\000d\000u\000c\000c\000i\000\363\000n}{}% 1
\BOOKMARK [1][-]{section.1.1}{\376\377\000O\000b\000j\000e\000t\000i\000v\000o\000s}{chapter.1}% 2
\BOOKMARK [1][-]{section.1.2}{\376\377\000\277\000Q\000u\000\351\000\040\000s\000i\000g\000n\000i\000f\000i\000c\000a\000\040\000v\000o\000t\000a\000r\000?}{chapter.1}% 3
\BOOKMARK [2][-]{subsection.1.2.1}{\376\377\000O\000r\000i\000g\000e\000n}{section.1.2}% 4
\BOOKMARK [2][-]{subsection.1.2.2}{\376\377\000S\000i\000g\000n\000i\000f\000i\000c\000a\000d\000o}{section.1.2}% 5
\BOOKMARK [2][-]{subsection.1.2.3}{\376\377\000\277\000V\000o\000t\000a\000c\000i\000\363\000n\000\040\000o\000\040\000s\000u\000f\000r\000a\000g\000i\000o\000?}{section.1.2}% 6
\BOOKMARK [1][-]{section.1.3}{\376\377\000S\000i\000s\000t\000e\000m\000a\000\040\000e\000l\000e\000c\000t\000o\000r\000a\000l\000\040\000e\000n\000\040\000E\000s\000p\000a\000\361\000a}{chapter.1}% 7
\BOOKMARK [2][-]{subsection.1.3.1}{\376\377\000O\000r\000\355\000g\000e\000n\000e\000s}{section.1.3}% 8
\BOOKMARK [2][-]{subsection.1.3.2}{\376\377\000S\000i\000s\000t\000e\000m\000a\000\040\000e\000l\000e\000c\000t\000o\000r\000a\000l\000\040\000d\000e\000\040\000l\000a\000\040\000c\000o\000n\000s\000t\000i\000t\000u\000c\000i\000\363\000n\000\040\000d\000e\000\040\0001\0009\0007\0008}{section.1.3}% 9
\BOOKMARK [2][-]{subsection.1.3.3}{\376\377\000D\000e\000s\000c\000r\000i\000p\000c\000i\000\363\000n\000\040\000d\000e\000l\000\040\000s\000i\000s\000t\000e\000m\000a\000\040\000E\000l\000e\000c\000t\000o\000r\000a\000l\000\040\000E\000s\000p\000a\000\361\000o\000l}{section.1.3}% 10
\BOOKMARK [2][-]{subsection.1.3.4}{\376\377\000C\000o\000n\000g\000r\000e\000s\000o}{section.1.3}% 11
\BOOKMARK [3][-]{subsubsection.1.3.4.1}{\376\377\000N\000\372\000m\000e\000r\000o\000\040\000d\000i\000p\000u\000t\000a\000d\000o\000s}{subsection.1.3.4}% 12
\BOOKMARK [3][-]{subsubsection.1.3.4.2}{\376\377\000R\000e\000p\000a\000r\000t\000o\000\040\000d\000e\000\040\000E\000s\000c\000a\000\361\000o\000s}{subsection.1.3.4}% 13
\BOOKMARK [2][-]{subsection.1.3.5}{\376\377\000S\000e\000n\000a\000d\000o}{section.1.3}% 14
\BOOKMARK [0][-]{chapter.2}{\376\377\000M\000\351\000t\000o\000d\000o\000s\000\040\000d\000e\000\040\000r\000e\000p\000a\000r\000t\000o\000\040\000d\000e\000\040\000e\000s\000c\000a\000\361\000o\000s}{}% 15
\BOOKMARK [1][-]{section.2.1}{\376\377\000M\000\351\000t\000o\000d\000o\000\040\000d\000e\000\040\000c\000i\000f\000r\000a\000\040\000r\000e\000p\000a\000r\000t\000i\000d\000o\000r\000a}{chapter.2}% 16
\BOOKMARK [2][-]{subsection.2.1.1}{\376\377\000L\000e\000y\000\040\000D\000\264\000H\000o\000n\000d\000t}{section.2.1}% 17
\BOOKMARK [3][-]{subsubsection.2.1.1.1}{\376\377\000R\000e\000p\000a\000r\000t\000o}{subsection.2.1.1}% 18
\BOOKMARK [2][-]{subsection.2.1.2}{\376\377\000M\000\351\000t\000o\000d\000o\000\040\000S\000a\000i\000n\000t\000e\000-\000L\000a\000g\000u\000\353}{section.2.1}% 19
\BOOKMARK [3][-]{subsubsection.2.1.2.1}{\376\377\000R\000e\000p\000a\000r\000t\000o}{subsection.2.1.2}% 20
\BOOKMARK [3][-]{subsubsection.2.1.2.2}{\376\377\000M\000\351\000t\000o\000d\000o\000\040\000m\000o\000d\000i\000f\000i\000c\000a\000d\000o}{subsection.2.1.2}% 21
\BOOKMARK [1][-]{section.2.2}{\376\377\000M\000\351\000t\000o\000d\000o\000\040\000H\000u\000n\000t\000i\000n\000g\000t\000o\000n\000-\000H\000i\000l\000l}{chapter.2}% 22
\BOOKMARK [2][-]{subsection.2.2.1}{\376\377\000M\000\351\000t\000o\000d\000o}{section.2.2}% 23
\BOOKMARK [1][-]{section.2.3}{\376\377\000C\000u\000o\000t\000a\000\040\000H\000a\000g\000e\000n\000b\000a\000c\000h\000-\000B\000i\000s\000c\000h\000o\000f\000f}{chapter.2}% 24
\BOOKMARK [2][-]{subsection.2.3.1}{\376\377\000R\000e\000p\000a\000r\000t\000o}{section.2.3}% 25
\BOOKMARK [1][-]{section.2.4}{\376\377\000M\000\351\000t\000o\000d\000o\000\040\000d\000e\000\040\000C\000o\000n\000d\000o\000r\000c\000e\000t}{chapter.2}% 26
\BOOKMARK [2][-]{subsection.2.4.1}{\376\377\000P\000r\000o\000c\000e\000d\000i\000m\000i\000e\000n\000t\000o}{section.2.4}% 27
\BOOKMARK [1][-]{section.2.5}{\376\377\000M\000\351\000t\000o\000d\000o\000\040\000d\000e\000l\000\040\000r\000e\000s\000t\000o\000\040\000m\000a\000y\000o\000r}{chapter.2}% 28
\BOOKMARK [2][-]{subsection.2.5.1}{\376\377\000C\000o\000c\000i\000e\000n\000t\000e\000\040\000H\000a\000r\000e}{section.2.5}% 29
\BOOKMARK [2][-]{subsection.2.5.2}{\376\377\000C\000o\000c\000i\000e\000n\000t\000e\000\040\000D\000r\000o\000o\000p}{section.2.5}% 30
\BOOKMARK [2][-]{subsection.2.5.3}{\376\377\000C\000o\000c\000i\000e\000n\000t\000e\000\040\000I\000m\000p\000e\000r\000i\000a\000l\000i}{section.2.5}% 31
\BOOKMARK [1][-]{section.2.6}{\376\377\000M\000\351\000t\000o\000d\000o\000\040\000S\000c\000h\000u\000l\000z\000e}{chapter.2}% 32
\BOOKMARK [1][-]{section.2.7}{\376\377\000R\000e\000g\000l\000a\000\040\000d\000e\000\040\000H\000a\000m\000i\000l\000t\000o\000n}{chapter.2}% 33
\BOOKMARK [0][-]{chapter.3}{\376\377\000A\000n\000a\000l\000i\000s\000i\000s\000\040\000d\000e\000\040\000l\000o\000s\000\040\000d\000a\000t\000o\000s}{}% 34
\BOOKMARK [1][-]{section.3.1}{\376\377\000A\000\361\000o\000\040\0001\0009\0007\0007}{chapter.3}% 35
\BOOKMARK [2][-]{subsection.3.1.1}{\376\377\000M\000\351\000t\000o\000d\000o\000\040\000D\000`\000H\000o\000n\000d\000t}{section.3.1}% 36
\BOOKMARK [2][-]{subsection.3.1.2}{\376\377\000M\000\351\000t\000o\000d\000o\000\040\000S\000a\000i\000n\000t\000e\000-\000L\000a\000g\000u\000e}{section.3.1}% 37
\BOOKMARK [1][-]{section.3.2}{\376\377\000A\000\361\000o\000\040\0001\0009\0007\0009}{chapter.3}% 38
\BOOKMARK [2][-]{subsection.3.2.1}{\376\377\000M\000\351\000t\000o\000d\000o\000\040\000D\000`\000H\000o\000n\000d\000t}{section.3.2}% 39
\BOOKMARK [2][-]{subsection.3.2.2}{\376\377\000M\000\351\000t\000o\000d\000o\000\040\000S\000a\000i\000n\000t\000e\000-\000L\000a\000g\000u\000e}{section.3.2}% 40
\BOOKMARK [1][-]{section.3.3}{\376\377\000A\000\361\000o\000\040\0001\0009\0008\0002}{chapter.3}% 41
\BOOKMARK [2][-]{subsection.3.3.1}{\376\377\000M\000\351\000t\000o\000d\000o\000\040\000D\000`\000H\000o\000n\000d\000t}{section.3.3}% 42
\BOOKMARK [2][-]{subsection.3.3.2}{\376\377\000M\000\351\000t\000o\000d\000o\000\040\000S\000a\000i\000n\000t\000e\000-\000L\000a\000g\000u\000e}{section.3.3}% 43
\BOOKMARK [1][-]{section.3.4}{\376\377\000A\000\361\000o\000\040\0001\0009\0008\0006}{chapter.3}% 44
\BOOKMARK [2][-]{subsection.3.4.1}{\376\377\000M\000\351\000t\000o\000d\000o\000\040\000D\000`\000H\000o\000n\000d\000t}{section.3.4}% 45
\BOOKMARK [2][-]{subsection.3.4.2}{\376\377\000M\000\351\000t\000o\000d\000o\000\040\000S\000a\000i\000n\000t\000e\000-\000L\000a\000g\000u\000e}{section.3.4}% 46
\BOOKMARK [1][-]{section.3.5}{\376\377\000A\000\361\000o\000\040\0001\0009\0008\0009}{chapter.3}% 47
\BOOKMARK [2][-]{subsection.3.5.1}{\376\377\000M\000\351\000t\000o\000d\000o\000\040\000D\000`\000H\000o\000n\000d\000t}{section.3.5}% 48
\BOOKMARK [2][-]{subsection.3.5.2}{\376\377\000M\000\351\000t\000o\000d\000o\000\040\000S\000a\000i\000n\000t\000e\000-\000L\000a\000g\000u\000e}{section.3.5}% 49
\BOOKMARK [1][-]{section.3.6}{\376\377\000A\000\361\000o\000\040\0001\0009\0009\0003}{chapter.3}% 50
\BOOKMARK [2][-]{subsection.3.6.1}{\376\377\000M\000\351\000t\000o\000d\000o\000\040\000D\000`\000H\000o\000n\000d\000t}{section.3.6}% 51
\BOOKMARK [2][-]{subsection.3.6.2}{\376\377\000M\000\351\000t\000o\000d\000o\000\040\000S\000a\000i\000n\000t\000e\000-\000L\000a\000g\000u\000e}{section.3.6}% 52
\BOOKMARK [1][-]{section.3.7}{\376\377\000A\000\361\000o\000\040\0001\0009\0009\0006}{chapter.3}% 53
\BOOKMARK [2][-]{subsection.3.7.1}{\376\377\000M\000\351\000t\000o\000d\000o\000\040\000D\000`\000H\000o\000n\000d\000t}{section.3.7}% 54
\BOOKMARK [2][-]{subsection.3.7.2}{\376\377\000M\000\351\000t\000o\000d\000o\000\040\000S\000a\000i\000n\000t\000e\000-\000L\000a\000g\000u\000e}{section.3.7}% 55
\BOOKMARK [1][-]{section.3.8}{\376\377\000A\000\361\000o\000\040\0002\0000\0000\0000}{chapter.3}% 56
\BOOKMARK [2][-]{subsection.3.8.1}{\376\377\000M\000\351\000t\000o\000d\000o\000\040\000D\000`\000H\000o\000n\000d\000t}{section.3.8}% 57
\BOOKMARK [2][-]{subsection.3.8.2}{\376\377\000M\000\351\000t\000o\000d\000o\000\040\000S\000a\000i\000n\000t\000e\000-\000L\000a\000g\000u\000e}{section.3.8}% 58
\BOOKMARK [1][-]{section.3.9}{\376\377\000A\000\361\000o\000\040\0002\0000\0000\0004}{chapter.3}% 59
\BOOKMARK [2][-]{subsection.3.9.1}{\376\377\000M\000\351\000t\000o\000d\000o\000\040\000D\000`\000H\000o\000n\000d\000t}{section.3.9}% 60
\BOOKMARK [2][-]{subsection.3.9.2}{\376\377\000M\000\351\000t\000o\000d\000o\000\040\000S\000a\000i\000n\000t\000e\000-\000L\000a\000g\000u\000e}{section.3.9}% 61
\BOOKMARK [1][-]{section.3.10}{\376\377\000A\000\361\000o\000\040\0002\0000\0000\0008}{chapter.3}% 62
\BOOKMARK [2][-]{subsection.3.10.1}{\376\377\000M\000\351\000t\000o\000d\000o\000\040\000D\000`\000H\000o\000n\000d\000t}{section.3.10}% 63
\BOOKMARK [2][-]{subsection.3.10.2}{\376\377\000M\000\351\000t\000o\000d\000o\000\040\000S\000a\000i\000n\000t\000e\000-\000L\000a\000g\000u\000e}{section.3.10}% 64
\BOOKMARK [1][-]{section.3.11}{\376\377\000A\000\361\000o\000\040\0002\0000\0001\0001}{chapter.3}% 65
\BOOKMARK [2][-]{subsection.3.11.1}{\376\377\000M\000\351\000t\000o\000d\000o\000\040\000D\000`\000H\000o\000n\000d\000t}{section.3.11}% 66
\BOOKMARK [2][-]{subsection.3.11.2}{\376\377\000M\000\351\000t\000o\000d\000o\000\040\000S\000a\000i\000n\000t\000e\000-\000L\000a\000g\000u\000e}{section.3.11}% 67
\BOOKMARK [1][-]{section.3.12}{\376\377\000A\000\361\000o\000\040\0002\0000\0001\0005}{chapter.3}% 68
\BOOKMARK [2][-]{subsection.3.12.1}{\376\377\000M\000\351\000t\000o\000d\000o\000\040\000D\000`\000H\000o\000n\000d\000t}{section.3.12}% 69
\BOOKMARK [2][-]{subsection.3.12.2}{\376\377\000M\000\351\000t\000o\000d\000o\000\040\000S\000a\000i\000n\000t\000e\000-\000L\000a\000g\000u\000e}{section.3.12}% 70
\BOOKMARK [1][-]{section.3.13}{\376\377\000A\000\361\000o\000\040\0002\0000\0001\0006}{chapter.3}% 71
\BOOKMARK [2][-]{subsection.3.13.1}{\376\377\000M\000\351\000t\000o\000d\000o\000\040\000D\000`\000H\000o\000n\000d\000t}{section.3.13}% 72
\BOOKMARK [2][-]{subsection.3.13.2}{\376\377\000M\000\351\000t\000o\000d\000o\000\040\000S\000a\000i\000n\000t\000e\000-\000L\000a\000g\000u\000e}{section.3.13}% 73
\BOOKMARK [1][-]{section.3.14}{\376\377\000A\000\361\000o\000\040\0002\0000\0001\0009\000\137\0004}{chapter.3}% 74
\BOOKMARK [2][-]{subsection.3.14.1}{\376\377\000M\000\351\000t\000o\000d\000o\000\040\000D\000`\000H\000o\000n\000d\000t}{section.3.14}% 75
\BOOKMARK [2][-]{subsection.3.14.2}{\376\377\000M\000\351\000t\000o\000d\000o\000\040\000S\000a\000i\000n\000t\000e\000-\000L\000a\000g\000u\000e}{section.3.14}% 76
\BOOKMARK [1][-]{section.3.15}{\376\377\000A\000\361\000o\000\040\0002\0000\0001\0009\000\137\0001\0001}{chapter.3}% 77
\BOOKMARK [2][-]{subsection.3.15.1}{\376\377\000M\000\351\000t\000o\000d\000o\000\040\000D\000`\000H\000o\000n\000d\000t}{section.3.15}% 78
\BOOKMARK [2][-]{subsection.3.15.2}{\376\377\000M\000\351\000t\000o\000d\000o\000\040\000S\000a\000i\000n\000t\000e\000-\000L\000a\000g\000u\000e}{section.3.15}% 79
\BOOKMARK [0][-]{subsection.3.15.2}{\376\377\000B\000i\000b\000l\000i\000o\000g\000r\000a\000f\000\355\000a}{}% 80
